Determining if the pthread_create exist failed with the following output:
Change Dir: /home/sasidharan/Files/3D_Camera/pcl_rs_grabber2/pcl/apps/in_hand_scanner/build/CMakeFiles/CMakeTmp

Run Build Command:"/usr/bin/make" "cmTC_fb978/fast"
/usr/bin/make -f CMakeFiles/cmTC_fb978.dir/build.make CMakeFiles/cmTC_fb978.dir/build
make[1]: Entering directory '/home/sasidharan/Files/3D_Camera/pcl_rs_grabber2/pcl/apps/in_hand_scanner/build/CMakeFiles/CMakeTmp'
Building C object CMakeFiles/cmTC_fb978.dir/CheckSymbolExists.c.o
/usr/bin/cc    -o CMakeFiles/cmTC_fb978.dir/CheckSymbolExists.c.o   -c /home/sasidharan/Files/3D_Camera/pcl_rs_grabber2/pcl/apps/in_hand_scanner/build/CMakeFiles/CMakeTmp/CheckSymbolExists.c
Linking C executable cmTC_fb978
/usr/local/bin/cmake -E cmake_link_script CMakeFiles/cmTC_fb978.dir/link.txt --verbose=1
/usr/bin/cc      -rdynamic CMakeFiles/cmTC_fb978.dir/CheckSymbolExists.c.o  -o cmTC_fb978 
CMakeFiles/cmTC_fb978.dir/CheckSymbolExists.c.o: In function `main':
CheckSymbolExists.c:(.text+0x16): undefined reference to `pthread_create'
collect2: error: ld returned 1 exit status
CMakeFiles/cmTC_fb978.dir/build.make:86: recipe for target 'cmTC_fb978' failed
make[1]: *** [cmTC_fb978] Error 1
make[1]: Leaving directory '/home/sasidharan/Files/3D_Camera/pcl_rs_grabber2/pcl/apps/in_hand_scanner/build/CMakeFiles/CMakeTmp'
Makefile:126: recipe for target 'cmTC_fb978/fast' failed
make: *** [cmTC_fb978/fast] Error 2

File /home/sasidharan/Files/3D_Camera/pcl_rs_grabber2/pcl/apps/in_hand_scanner/build/CMakeFiles/CMakeTmp/CheckSymbolExists.c:
/* */
#include <pthread.h>

int main(int argc, char** argv)
{
  (void)argv;
#ifndef pthread_create
  return ((int*)(&pthread_create))[argc];
#else
  (void)argc;
  return 0;
#endif
}

Determining if the function pthread_create exists in the pthreads failed with the following output:
Change Dir: /home/sasidharan/Files/3D_Camera/pcl_rs_grabber2/pcl/apps/in_hand_scanner/build/CMakeFiles/CMakeTmp

Run Build Command:"/usr/bin/make" "cmTC_37505/fast"
/usr/bin/make -f CMakeFiles/cmTC_37505.dir/build.make CMakeFiles/cmTC_37505.dir/build
make[1]: Entering directory '/home/sasidharan/Files/3D_Camera/pcl_rs_grabber2/pcl/apps/in_hand_scanner/build/CMakeFiles/CMakeTmp'
Building C object CMakeFiles/cmTC_37505.dir/CheckFunctionExists.c.o
/usr/bin/cc   -DCHECK_FUNCTION_EXISTS=pthread_create   -o CMakeFiles/cmTC_37505.dir/CheckFunctionExists.c.o   -c /usr/local/share/cmake-3.11/Modules/CheckFunctionExists.c
Linking C executable cmTC_37505
/usr/local/bin/cmake -E cmake_link_script CMakeFiles/cmTC_37505.dir/link.txt --verbose=1
/usr/bin/cc  -DCHECK_FUNCTION_EXISTS=pthread_create    -rdynamic CMakeFiles/cmTC_37505.dir/CheckFunctionExists.c.o  -o cmTC_37505 -lpthreads 
/usr/bin/ld: cannot find -lpthreads
collect2: error: ld returned 1 exit status
CMakeFiles/cmTC_37505.dir/build.make:86: recipe for target 'cmTC_37505' failed
make[1]: *** [cmTC_37505] Error 1
make[1]: Leaving directory '/home/sasidharan/Files/3D_Camera/pcl_rs_grabber2/pcl/apps/in_hand_scanner/build/CMakeFiles/CMakeTmp'
Makefile:126: recipe for target 'cmTC_37505/fast' failed
make: *** [cmTC_37505/fast] Error 2


